app/build/intermediates/manifest_merge_blame_file/release/manifest-merger-blame-release-report.txt
1<?xml version="1.0" encoding="utf-8"?>
2<manifest xmlns:android="http://schemas.android.com/apk/res/android"
3    package="com.ticketpro.parking"
4    android:versionCode="50"
5    android:versionName="4.1.301" >
6
7    <uses-sdk
8        android:minSdkVersion="23"
9        android:targetSdkVersion="29" />
10
11    <permission
11-->src/main/AndroidManifest.xml:6:5-9:44
12        android:name="android.permission.FLASHLIGHT"
12-->src/main/AndroidManifest.xml:7:9-53
13        android:permissionGroup="android.permission-group.HARDWARE_CONTROLS"
13-->src/main/AndroidManifest.xml:8:9-77
14        android:protectionLevel="normal" />
14-->src/main/AndroidManifest.xml:9:9-41
15    <permission
15-->src/main/AndroidManifest.xml:10:5-12:47
16        android:name="com.ticketpro.parking.permission.C2D_MESSAGE"
16-->src/main/AndroidManifest.xml:11:9-68
17        android:protectionLevel="signature" />
17-->src/main/AndroidManifest.xml:12:9-44
18    <permission
18-->src/main/AndroidManifest.xml:13:5-15:47
19        android:name="com.ticketpro.parking.permission.MAPS_RECEIVE"
19-->src/main/AndroidManifest.xml:14:9-69
20        android:protectionLevel="signature" />
20-->src/main/AndroidManifest.xml:15:9-44
21
22    <uses-feature
22-->src/main/AndroidManifest.xml:17:5-19:36
23        android:name="android.hardware.camera2"
23-->src/main/AndroidManifest.xml:18:9-48
24        android:required="false" />
24-->src/main/AndroidManifest.xml:19:9-33
25    <uses-feature
25-->src/main/AndroidManifest.xml:20:5-22:36
26        android:name="android.hardware.camera"
26-->src/main/AndroidManifest.xml:21:9-47
27        android:required="true" />
27-->src/main/AndroidManifest.xml:22:9-33
28    <uses-feature
28-->src/main/AndroidManifest.xml:23:5-25:36
29        android:name="android.hardware.camera.autofocus"
29-->src/main/AndroidManifest.xml:24:9-57
30        android:required="false" />
30-->src/main/AndroidManifest.xml:25:9-33
31    <uses-feature
31-->src/main/AndroidManifest.xml:26:5-28:36
32        android:name="android.hardware.camera.flash"
32-->src/main/AndroidManifest.xml:27:9-53
33        android:required="false" />
33-->src/main/AndroidManifest.xml:28:9-33
34    <uses-feature android:name="android.hardware.camera.front" />
34-->src/main/AndroidManifest.xml:29:5-66
34-->src/main/AndroidManifest.xml:29:19-63
35    <uses-feature
35-->src/main/AndroidManifest.xml:30:5-32:35
36        android:glEsVersion="0x00020000"
36-->src/main/AndroidManifest.xml:31:9-41
37        android:required="true" />
37-->src/main/AndroidManifest.xml:32:9-32
38
39    <uses-permission android:name="android.permission.INTERNET" />
39-->src/main/AndroidManifest.xml:34:5-67
39-->src/main/AndroidManifest.xml:34:22-64
40    <uses-permission android:name="android.permission.BLUETOOTH" />
40-->src/main/AndroidManifest.xml:35:5-68
40-->src/main/AndroidManifest.xml:35:22-65
41    <uses-permission android:name="android.permission.BLUETOOTH_ADMIN" />
41-->src/main/AndroidManifest.xml:36:5-74
41-->src/main/AndroidManifest.xml:36:22-71
42    <uses-permission android:name="android.permission.READ_PHONE_STATE" />
42-->src/main/AndroidManifest.xml:37:5-75
42-->src/main/AndroidManifest.xml:37:22-72
43    <uses-permission android:name="android.Manifest.permission.READ_PRIVILEGED_PHONE_STATE" />
43-->src/main/AndroidManifest.xml:38:5-95
43-->src/main/AndroidManifest.xml:38:22-92
44    <uses-permission android:name="android.permission.FOREGROUND_SERVICE" />
44-->src/main/AndroidManifest.xml:39:5-77
44-->src/main/AndroidManifest.xml:39:22-74
45    <uses-permission android:name="android.permission.ACCESS_NETWORK_STATE" />
45-->src/main/AndroidManifest.xml:40:5-79
45-->src/main/AndroidManifest.xml:40:22-76
46    <uses-permission android:name="android.permission.ACCESS_FINE_LOCATION" />
46-->src/main/AndroidManifest.xml:41:5-79
46-->src/main/AndroidManifest.xml:41:22-76
47    <uses-permission android:name="android.permission.ACCESS_COARSE_LOCATION" />
47-->src/main/AndroidManifest.xml:42:5-81
47-->src/main/AndroidManifest.xml:42:22-78
48    <uses-permission android:name="android.permission.ACCESS_WIFI_STATE" />
48-->src/main/AndroidManifest.xml:43:5-76
48-->src/main/AndroidManifest.xml:43:22-73
49    <uses-permission android:name="android.permission.CAMERA" />
49-->src/main/AndroidManifest.xml:44:5-65
49-->src/main/AndroidManifest.xml:44:22-62
50    <uses-permission android:name="android.permission.READ_PRIVILEGED_PHONE_STATE" />
50-->src/main/AndroidManifest.xml:45:5-47:47
50-->src/main/AndroidManifest.xml:46:9-70
51    <uses-permission android:name="android.permission.RECEIVE_BOOT_COMPLETED" />
51-->src/main/AndroidManifest.xml:48:5-81
51-->src/main/AndroidManifest.xml:48:22-78
52    <uses-permission android:name="android.permission.RECORD_AUDIO" />
52-->src/main/AndroidManifest.xml:49:5-71
52-->src/main/AndroidManifest.xml:49:22-68
53    <uses-permission android:name="android.permission.FLASHLIGHT" />
53-->src/main/AndroidManifest.xml:50:5-69
53-->src/main/AndroidManifest.xml:50:22-66
54    <uses-permission android:name="android.permission.VIBRATE" /> <!-- Sync Adapter Permissions -->
54-->src/main/AndroidManifest.xml:51:5-66
54-->src/main/AndroidManifest.xml:51:22-63
55    <uses-permission android:name="android.permission.GET_TASKS" />
55-->src/main/AndroidManifest.xml:52:5-68
55-->src/main/AndroidManifest.xml:52:22-65
56    <uses-permission android:name="android.permission.CALL_PHONE" />
56-->src/main/AndroidManifest.xml:53:5-69
56-->src/main/AndroidManifest.xml:53:22-66
57    <uses-permission android:name="com.android.launcher.permission.INSTALL_SHORTCUT" /> <!-- Permissions for GCM -->
57-->src/main/AndroidManifest.xml:54:5-88
57-->src/main/AndroidManifest.xml:54:22-85
58    <uses-permission android:name="com.android.launcher.permission.UNINSTALL_SHORTCUT" />
58-->src/main/AndroidManifest.xml:55:5-90
58-->src/main/AndroidManifest.xml:55:22-87
59    <uses-permission android:name="android.permission.BROADCAST_PACKAGE_ADDED" />
59-->src/main/AndroidManifest.xml:56:5-82
59-->src/main/AndroidManifest.xml:56:22-79
60    <uses-permission android:name="android.permission.BROADCAST_PACKAGE_CHANGED" />
60-->src/main/AndroidManifest.xml:57:5-84
60-->src/main/AndroidManifest.xml:57:22-81
61    <uses-permission android:name="android.permission.BROADCAST_PACKAGE_INSTALL" />
61-->src/main/AndroidManifest.xml:58:5-84
61-->src/main/AndroidManifest.xml:58:22-81
62    <uses-permission android:name="android.permission.BROADCAST_PACKAGE_REPLACED" />
62-->src/main/AndroidManifest.xml:59:5-85
62-->src/main/AndroidManifest.xml:59:22-82
63    <uses-permission android:name="android.permission.READ_INTERNAL_STORAGE" />
63-->src/main/AndroidManifest.xml:60:5-80
63-->src/main/AndroidManifest.xml:60:22-77
64    <uses-permission android:name="android.permission.WRITE_SYNC_SETTINGS" />
64-->src/main/AndroidManifest.xml:61:5-78
64-->src/main/AndroidManifest.xml:61:22-75
65    <uses-permission android:name="android.permission.READ_SYNC_SETTINGS" />
65-->src/main/AndroidManifest.xml:62:5-77
65-->src/main/AndroidManifest.xml:62:22-74
66    <uses-permission android:name="android.permission.READ_SYNC_STATS" />
66-->src/main/AndroidManifest.xml:63:5-74
66-->src/main/AndroidManifest.xml:63:22-71
67    <uses-permission android:name="android.permission.AUTHENTICATE_ACCOUNTS" />
67-->src/main/AndroidManifest.xml:64:5-80
67-->src/main/AndroidManifest.xml:64:22-77
68    <uses-permission android:name="android.permission.GET_ACCOUNTS" /> <!-- GoogleMaps V2 -->
68-->src/main/AndroidManifest.xml:65:5-71
68-->src/main/AndroidManifest.xml:65:22-68
69    <uses-permission android:name="android.permission.WAKE_LOCK" />
69-->src/main/AndroidManifest.xml:66:5-68
69-->src/main/AndroidManifest.xml:66:22-65
70    <uses-permission android:name="com.google.android.c2dm.permission.RECEIVE" />
70-->src/main/AndroidManifest.xml:67:5-82
70-->src/main/AndroidManifest.xml:67:22-79
71    <uses-permission android:name="com.ticketpro.parking.permission.C2D_MESSAGE" />
71-->src/main/AndroidManifest.xml:68:5-84
71-->src/main/AndroidManifest.xml:68:22-81
72    <uses-permission android:name="com.ticketpro.parking.permission.MAPS_RECEIVE" />
72-->src/main/AndroidManifest.xml:69:5-85
72-->src/main/AndroidManifest.xml:69:22-82
73    <uses-permission android:name="com.google.android.providers.gsf.permission.READ_GSERVICES" />
73-->src/main/AndroidManifest.xml:70:5-98
73-->src/main/AndroidManifest.xml:70:22-95
74    <uses-permission android:name="android.permission.READ_EXTERNAL_STORAGE" />
74-->src/main/AndroidManifest.xml:71:5-80
74-->src/main/AndroidManifest.xml:71:22-77
75    <uses-permission android:name="android.permission.REQUEST_INSTALL_PACKAGES" />
75-->src/main/AndroidManifest.xml:72:5-83
75-->src/main/AndroidManifest.xml:72:22-80
76    <uses-permission android:name="android.permission.WRITE_EXTERNAL_STORAGE" />
76-->src/main/AndroidManifest.xml:73:5-75:40
76-->src/main/AndroidManifest.xml:74:9-65
77    <uses-permission android:name="android.permission.MANAGE_EXTERNAL_STORAGE" />
77-->src/main/AndroidManifest.xml:76:5-78:40
77-->src/main/AndroidManifest.xml:77:9-66
78    <uses-permission android:name="android.permission.READ_CONTACTS" />
78-->[:zXingLibrary] AndroidManifest.xml:29:5-72
78-->[:zXingLibrary] AndroidManifest.xml:29:22-69
79    <uses-permission android:name="com.android.browser.permission.READ_HISTORY_BOOKMARKS" />
79-->[:zXingLibrary] AndroidManifest.xml:30:5-93
79-->[:zXingLibrary] AndroidManifest.xml:30:22-90
80    <uses-permission android:name="android.permission.CHANGE_WIFI_STATE" />
80-->[:zXingLibrary] AndroidManifest.xml:32:5-76
80-->[:zXingLibrary] AndroidManifest.xml:32:22-73
81
82    <uses-feature android:name="android.hardware.screen.landscape" />
82-->[:zXingLibrary] AndroidManifest.xml:50:5-70
82-->[:zXingLibrary] AndroidManifest.xml:50:19-67
83    <uses-feature
83-->[:zXingLibrary] AndroidManifest.xml:51:5-53:36
84        android:name="android.hardware.wifi"
84-->[:zXingLibrary] AndroidManifest.xml:52:9-45
85        android:required="false" /> <!-- This excludes Google TV, which is unfortunately included by virtue of not requiring a camera -->
85-->[:zXingLibrary] AndroidManifest.xml:53:9-33
86    <uses-feature android:name="android.hardware.touchscreen" /> <!-- TODO make this not required again after android.hardware.camera.any is available -->
86-->[:zXingLibrary] AndroidManifest.xml:55:5-65
86-->[:zXingLibrary] AndroidManifest.xml:55:19-62
87    <!-- Donut-specific flags which allow us to run on any dpi screens. -->
88    <supports-screens
88-->[:zXingLibrary] AndroidManifest.xml:60:5-65:40
89        android:anyDensity="true"
89-->[:zXingLibrary] AndroidManifest.xml:61:9-34
90        android:largeScreens="true"
90-->[:zXingLibrary] AndroidManifest.xml:62:9-36
91        android:normalScreens="true"
91-->[:zXingLibrary] AndroidManifest.xml:63:9-37
92        android:resizeable="true"
92-->[:pdf417ScanActivity] AndroidManifest.xml:14:9-34
93        android:smallScreens="true"
93-->[:zXingLibrary] AndroidManifest.xml:64:9-36
94        android:xlargeScreens="true" />
94-->[:zXingLibrary] AndroidManifest.xml:65:9-37
95
96    <uses-permission android:name="android.permission.READ_CALL_LOG" />
97
98    <uses-feature android:name="android.hardware.location.gps" />
98-->[:gpslibrary] AndroidManifest.xml:10:5-66
98-->[:gpslibrary] AndroidManifest.xml:10:19-63
99
100    <uses-permission android:name="android.permission.POST_NOTIFICATIONS" />
100-->[com.google.firebase:firebase-messaging:23.1.0] AndroidManifest.xml:25:5-77
100-->[com.google.firebase:firebase-messaging:23.1.0] AndroidManifest.xml:25:22-74
101
102    <queries>
102-->[com.google.android.gms:play-services-maps:17.0.1] AndroidManifest.xml:30:5-34:15
103
104        <!-- Needs to be explicitly declared on Android R+ -->
105        <package android:name="com.google.android.apps.maps" />
105-->[com.google.android.gms:play-services-maps:17.0.1] AndroidManifest.xml:33:9-64
105-->[com.google.android.gms:play-services-maps:17.0.1] AndroidManifest.xml:33:18-61
106    </queries>
107
108    <uses-permission android:name="com.google.android.gms.permission.AD_ID" />
108-->[com.google.android.gms:play-services-measurement-api:21.2.0] AndroidManifest.xml:25:5-79
108-->[com.google.android.gms:play-services-measurement-api:21.2.0] AndroidManifest.xml:25:22-76
109    <uses-permission android:name="com.google.android.finsky.permission.BIND_GET_INSTALL_REFERRER_SERVICE" />
109-->[com.google.android.gms:play-services-measurement:21.2.0] AndroidManifest.xml:26:5-110
109-->[com.google.android.gms:play-services-measurement:21.2.0] AndroidManifest.xml:26:22-107
110
111    <application
111-->src/main/AndroidManifest.xml:80:5-845:19
112        android:name="com.ticketpro.parking.activity.TPApplication"
112-->src/main/AndroidManifest.xml:81:9-47
113        android:allowBackup="false"
113-->src/main/AndroidManifest.xml:82:9-36
114        android:appComponentFactory="androidx.core.app.CoreComponentFactory"
114-->[androidx.core:core:1.7.0] AndroidManifest.xml:24:18-86
115        android:extractNativeLibs="false"
116        android:hardwareAccelerated="true"
116-->src/main/AndroidManifest.xml:83:9-43
117        android:icon="@drawable/icon"
117-->src/main/AndroidManifest.xml:84:9-38
118        android:label="@string/app_name"
118-->src/main/AndroidManifest.xml:85:9-41
119        android:largeHeap="true"
119-->src/main/AndroidManifest.xml:86:9-33
120        android:logo="@drawable/launcher_icon"
120-->[:zXingLibrary] AndroidManifest.xml:72:9-47
121        android:networkSecurityConfig="@xml/network_security_config"
121-->src/main/AndroidManifest.xml:90:9-69
122        android:requestLegacyExternalStorage="true"
122-->src/main/AndroidManifest.xml:87:9-52
123        android:supportsRtl="true"
123-->[com.gdacciaro:iosdialog:1.0.3] AndroidManifest.xml:14:9-35
124        android:usesCleartextTraffic="true" >
124-->src/main/AndroidManifest.xml:88:9-44
125        <activity
125-->src/main/AndroidManifest.xml:92:9-96:16
126            android:name="com.ticketpro.vendors.CurbtrackZoneList"
126-->src/main/AndroidManifest.xml:93:13-67
127            android:screenOrientation="portrait"
127-->src/main/AndroidManifest.xml:94:13-49
128            android:theme="@android:style/Theme.Black.NoTitleBar" />
128-->src/main/AndroidManifest.xml:95:13-66
129        <!--
130         <meta-data android:name="io.sentry.dsn" android:value="https://d239e9c9f95c48a29a2db2061e69e0c1@o1191519.ingest.sentry.io/6312915" />
131        &lt;!&ndash; Set tracesSampleRate to 1.0 to capture 100% of transactions for performance monitoring.
132           We recommend adjusting this value in production. &ndash;&gt;
133        <meta-data android:name="io.sentry.traces.sample-rate" android:value="1.0" />
134        -->
135        <activity
135-->src/main/AndroidManifest.xml:103:9-106:66
136            android:name="com.ticketpro.syncbackup.syncactivity.NewSyncBackup"
136-->src/main/AndroidManifest.xml:104:13-79
137            android:exported="true"
137-->src/main/AndroidManifest.xml:105:13-36
138            android:theme="@style/Theme.AppCompat.NoActionBar" />
138-->src/main/AndroidManifest.xml:106:13-63
139        <activity
139-->src/main/AndroidManifest.xml:107:9-109:54
140            android:name="com.ticketpro.parking.activity.DeleteCustomComment"
140-->src/main/AndroidManifest.xml:108:13-57
141            android:screenOrientation="fullSensor" />
141-->src/main/AndroidManifest.xml:109:13-51
142        <activity
142-->src/main/AndroidManifest.xml:110:9-113:69
143            android:name="com.ticketpro.parking.activity.IDVerification"
143-->src/main/AndroidManifest.xml:111:13-52
144            android:screenOrientation="portrait"
144-->src/main/AndroidManifest.xml:112:13-49
145            android:theme="@android:style/Theme.Black.NoTitleBar" />
145-->src/main/AndroidManifest.xml:113:13-66
146        <activity
146-->src/main/AndroidManifest.xml:114:9-117:69
147            android:name="com.ticketpro.parking.activity.SpecilaMapActivity"
147-->src/main/AndroidManifest.xml:115:13-56
148            android:screenOrientation="portrait"
148-->src/main/AndroidManifest.xml:116:13-49
149            android:theme="@android:style/Theme.Black.NoTitleBar" />
149-->src/main/AndroidManifest.xml:117:13-66
150
151        <uses-library
151-->src/main/AndroidManifest.xml:119:9-121:40
152            android:name="org.apache.http.legacy"
152-->src/main/AndroidManifest.xml:120:13-50
153            android:required="false" />
153-->src/main/AndroidManifest.xml:121:13-37
154
155        <activity
155-->src/main/AndroidManifest.xml:123:9-126:69
156            android:name="com.ticketpro.parking.activity.EULAActivity"
156-->src/main/AndroidManifest.xml:124:13-50
157            android:screenOrientation="portrait"
157-->src/main/AndroidManifest.xml:125:13-49
158            android:theme="@android:style/Theme.Black.NoTitleBar" />
158-->src/main/AndroidManifest.xml:126:13-66
159        <activity
159-->src/main/AndroidManifest.xml:127:9-129:52
160            android:name="com.ticketpro.parking.activity.PermissionActivity"
160-->src/main/AndroidManifest.xml:128:13-56
161            android:screenOrientation="portrait" />
161-->src/main/AndroidManifest.xml:129:13-49
162        <activity
162-->src/main/AndroidManifest.xml:131:9-134:52
163            android:name="com.ticketpro.vendors.GenetecPatrollerActivity"
163-->src/main/AndroidManifest.xml:132:13-74
164            android:screenOrientation="portrait"
164-->src/main/AndroidManifest.xml:134:13-49
165            android:theme="@android:style/Theme.Black.NoTitleBar" />
165-->src/main/AndroidManifest.xml:133:13-66
166        <activity
166-->src/main/AndroidManifest.xml:135:9-138:52
167            android:name="com.ticketpro.vendors.ZonePoleList"
167-->src/main/AndroidManifest.xml:136:13-62
168            android:screenOrientation="portrait"
168-->src/main/AndroidManifest.xml:138:13-49
169            android:theme="@android:style/Theme.Black.NoTitleBar" />
169-->src/main/AndroidManifest.xml:137:13-66
170        <activity
170-->src/main/AndroidManifest.xml:139:9-143:69
171            android:name="com.ticketpro.vendors.ParkeonControlGroup"
171-->src/main/AndroidManifest.xml:140:13-69
172            android:label="@string/app_name"
172-->src/main/AndroidManifest.xml:141:13-45
173            android:screenOrientation="portrait"
173-->src/main/AndroidManifest.xml:142:13-49
174            android:theme="@android:style/Theme.Black.NoTitleBar" />
174-->src/main/AndroidManifest.xml:143:13-66
175        <!--
176         <meta-data
177             android:name="com.google.android.maps.v2.API_KEY"
178             android:value="AIzaSyAnN-jCYbjfbTihaDG4237rhHkas6VKcxo" />
179        -->
180        <service
180-->src/main/AndroidManifest.xml:149:9-152:72
181            android:name="com.ticketpro.parking.service.ParkingJobService"
181-->src/main/AndroidManifest.xml:150:13-54
182            android:label="Parking service"
182-->src/main/AndroidManifest.xml:151:13-44
183            android:permission="android.permission.BIND_JOB_SERVICE" />
183-->src/main/AndroidManifest.xml:152:13-69
184
185        <activity
185-->src/main/AndroidManifest.xml:154:9-164:20
186            android:name="com.ticketpro.parking.activity.SplashActivity"
186-->src/main/AndroidManifest.xml:155:13-52
187            android:label="@string/app_name"
187-->src/main/AndroidManifest.xml:156:13-45
188            android:screenOrientation="portrait"
188-->src/main/AndroidManifest.xml:157:13-49
189            android:theme="@android:style/Theme.Black.NoTitleBar" >
189-->src/main/AndroidManifest.xml:158:13-66
190            <intent-filter>
190-->src/main/AndroidManifest.xml:159:13-163:29
191                <action android:name="android.intent.action.MAIN" />
191-->src/main/AndroidManifest.xml:160:17-69
191-->src/main/AndroidManifest.xml:160:25-66
192
193                <category android:name="android.intent.category.LAUNCHER" />
193-->src/main/AndroidManifest.xml:162:17-77
193-->src/main/AndroidManifest.xml:162:27-74
194            </intent-filter>
195        </activity>
196
197        <meta-data
197-->src/main/AndroidManifest.xml:166:9-168:36
198            android:name="firebase_performance_logcat_enabled"
198-->src/main/AndroidManifest.xml:167:13-63
199            android:value="true" />
199-->src/main/AndroidManifest.xml:168:13-33
200        <!--
201            <meta-data
202            android:name="com.google.android.maps.v2.API_KEY"
203            android:value="@string/ticketproapp_gmail_map_api_key" />
204        -->
205        <!--
206            <meta-data
207            android:name="com.google.android.geo.API_KEY"
208            android:value="@string/ticketproapp_gmail_map_api_key"/>
209        -->
210        <service
210-->src/main/AndroidManifest.xml:179:9-182:72
211            android:name="com.ticketpro.parking.service.JobIntentServiceSaveTicket"
211-->src/main/AndroidManifest.xml:180:13-63
212            android:exported="true"
212-->src/main/AndroidManifest.xml:181:13-36
213            android:permission="android.permission.BIND_JOB_SERVICE" />
213-->src/main/AndroidManifest.xml:182:13-69
214        <service
214-->src/main/AndroidManifest.xml:184:9-187:72
215            android:name="com.ticketpro.parking.service.JobIntentServiceSaveChalk"
215-->src/main/AndroidManifest.xml:185:13-62
216            android:exported="true"
216-->src/main/AndroidManifest.xml:186:13-36
217            android:permission="android.permission.BIND_JOB_SERVICE" />
217-->src/main/AndroidManifest.xml:187:13-69
218        <service
218-->src/main/AndroidManifest.xml:188:9-191:72
219            android:name="com.ticketpro.parking.service.ServicePhotoPurge"
219-->src/main/AndroidManifest.xml:189:13-54
220            android:exported="true"
220-->src/main/AndroidManifest.xml:190:13-36
221            android:permission="android.permission.BIND_JOB_SERVICE" />
221-->src/main/AndroidManifest.xml:191:13-69
222
223        <activity
223-->src/main/AndroidManifest.xml:193:9-199:20
224            android:name="com.ticketpro.parking.activity.DummyActivity"
224-->src/main/AndroidManifest.xml:194:13-51
225            android:exported="true" >
225-->src/main/AndroidManifest.xml:195:13-36
226            <intent-filter>
226-->src/main/AndroidManifest.xml:196:13-198:29
227                <action android:name="android.intent.action.MAIN" />
227-->src/main/AndroidManifest.xml:160:17-69
227-->src/main/AndroidManifest.xml:160:25-66
228            </intent-filter>
229        </activity> <!-- GCM BroadcastReceiver and Services -->
230        <activity
230-->src/main/AndroidManifest.xml:200:9-204:53
231            android:name="com.ticketpro.parking.activity.HomeActivity"
231-->src/main/AndroidManifest.xml:201:13-50
232            android:label="@string/app_name"
232-->src/main/AndroidManifest.xml:202:13-45
233            android:screenOrientation="portrait"
233-->src/main/AndroidManifest.xml:203:13-49
234            android:theme="@style/TicketPROTheme" />
234-->src/main/AndroidManifest.xml:204:13-50
235        <activity
235-->src/main/AndroidManifest.xml:205:9-209:69
236            android:name="com.ticketpro.parking.activity.LoginSelectUserActivity"
236-->src/main/AndroidManifest.xml:206:13-61
237            android:label="@string/app_name"
237-->src/main/AndroidManifest.xml:207:13-45
238            android:screenOrientation="portrait"
238-->src/main/AndroidManifest.xml:208:13-49
239            android:theme="@android:style/Theme.Black.NoTitleBar" />
239-->src/main/AndroidManifest.xml:209:13-66
240        <activity
240-->src/main/AndroidManifest.xml:210:9-215:55
241            android:name="com.ticketpro.parking.activity.LoginUserPswdActivity"
241-->src/main/AndroidManifest.xml:211:13-59
242            android:label="@string/app_name"
242-->src/main/AndroidManifest.xml:212:13-45
243            android:screenOrientation="portrait"
243-->src/main/AndroidManifest.xml:213:13-49
244            android:theme="@android:style/Theme.Black.NoTitleBar"
244-->src/main/AndroidManifest.xml:214:13-66
245            android:windowSoftInputMode="adjustPan" />
245-->src/main/AndroidManifest.xml:215:13-52
246        <activity
246-->src/main/AndroidManifest.xml:216:9-221:58
247            android:name="com.ticketpro.parking.activity.LoginPasswordActivity"
247-->src/main/AndroidManifest.xml:217:13-59
248            android:label="@string/app_name"
248-->src/main/AndroidManifest.xml:218:13-45
249            android:screenOrientation="portrait"
249-->src/main/AndroidManifest.xml:219:13-49
250            android:theme="@android:style/Theme.Black.NoTitleBar"
250-->src/main/AndroidManifest.xml:220:13-66
251            android:windowSoftInputMode="stateVisible" />
251-->src/main/AndroidManifest.xml:221:13-55
252        <activity
252-->src/main/AndroidManifest.xml:222:9-226:69
253            android:name="com.ticketpro.parking.activity.TimeConfActivity"
253-->src/main/AndroidManifest.xml:223:13-54
254            android:label="@string/app_name"
254-->src/main/AndroidManifest.xml:224:13-45
255            android:screenOrientation="portrait"
255-->src/main/AndroidManifest.xml:225:13-49
256            android:theme="@android:style/Theme.Black.NoTitleBar" /> <!-- FCM SERVICE -->
256-->src/main/AndroidManifest.xml:226:13-66
257        <activity
257-->src/main/AndroidManifest.xml:227:9-231:69
258            android:name="com.ticketpro.parking.activity.DateConfActivity"
258-->src/main/AndroidManifest.xml:228:13-54
259            android:label="@string/app_name"
259-->src/main/AndroidManifest.xml:229:13-45
260            android:screenOrientation="portrait"
260-->src/main/AndroidManifest.xml:230:13-49
261            android:theme="@android:style/Theme.Black.NoTitleBar" />
261-->src/main/AndroidManifest.xml:231:13-66
262        <!--
263 <service
264             android:name=".service.GpsTrackingService"
265             android:enabled="true" />
266        -->
267        <activity
267-->src/main/AndroidManifest.xml:237:9-241:53
268            android:name="com.ticketpro.parking.activity.DayActivitiesActivity"
268-->src/main/AndroidManifest.xml:238:13-59
269            android:label="@string/app_name"
269-->src/main/AndroidManifest.xml:239:13-45
270            android:screenOrientation="portrait"
270-->src/main/AndroidManifest.xml:240:13-49
271            android:theme="@style/TicketPROTheme" />
271-->src/main/AndroidManifest.xml:241:13-50
272        <activity
272-->src/main/AndroidManifest.xml:242:9-248:55
273            android:name="com.ticketpro.parking.activity.WriteTicketActivity"
273-->src/main/AndroidManifest.xml:243:13-57
274            android:label="@string/app_name"
274-->src/main/AndroidManifest.xml:244:13-45
275            android:launchMode="standard"
275-->src/main/AndroidManifest.xml:245:13-42
276            android:screenOrientation="portrait"
276-->src/main/AndroidManifest.xml:246:13-49
277            android:theme="@android:style/Theme.Black.NoTitleBar"
277-->src/main/AndroidManifest.xml:247:13-66
278            android:windowSoftInputMode="adjustPan" />
278-->src/main/AndroidManifest.xml:248:13-52
279        <activity
279-->src/main/AndroidManifest.xml:249:9-253:69
280            android:name="com.ticketpro.parking.activity.MainActivity"
280-->src/main/AndroidManifest.xml:250:13-50
281            android:label="@string/app_name"
281-->src/main/AndroidManifest.xml:251:13-45
282            android:screenOrientation="portrait"
282-->src/main/AndroidManifest.xml:252:13-49
283            android:theme="@android:style/Theme.Black.NoTitleBar" />
283-->src/main/AndroidManifest.xml:253:13-66
284        <activity
284-->src/main/AndroidManifest.xml:254:9-258:69
285            android:name="com.ticketpro.parking.activity.ViolationsActivity"
285-->src/main/AndroidManifest.xml:255:13-56
286            android:label="@string/app_name"
286-->src/main/AndroidManifest.xml:256:13-45
287            android:screenOrientation="portrait"
287-->src/main/AndroidManifest.xml:257:13-49
288            android:theme="@android:style/Theme.Black.NoTitleBar" />
288-->src/main/AndroidManifest.xml:258:13-66
289        <activity
289-->src/main/AndroidManifest.xml:259:9-263:69
290            android:name="com.ticketpro.parking.activity.ChalkVehicleActivity"
290-->src/main/AndroidManifest.xml:260:13-58
291            android:label="@string/app_name"
291-->src/main/AndroidManifest.xml:261:13-45
292            android:screenOrientation="portrait"
292-->src/main/AndroidManifest.xml:262:13-49
293            android:theme="@android:style/Theme.Black.NoTitleBar" />
293-->src/main/AndroidManifest.xml:263:13-66
294        <activity
294-->src/main/AndroidManifest.xml:264:9-269:55
295            android:name="com.ticketpro.parking.activity.AddCommentActivity"
295-->src/main/AndroidManifest.xml:265:13-56
296            android:label="@string/app_name"
296-->src/main/AndroidManifest.xml:266:13-45
297            android:screenOrientation="portrait"
297-->src/main/AndroidManifest.xml:267:13-49
298            android:theme="@style/TicketPROTheme"
298-->src/main/AndroidManifest.xml:268:13-50
299            android:windowSoftInputMode="adjustPan" />
299-->src/main/AndroidManifest.xml:269:13-52
300        <activity
300-->src/main/AndroidManifest.xml:270:9-274:53
301            android:name="com.ticketpro.parking.activity.AddViolationActivity"
301-->src/main/AndroidManifest.xml:271:13-58
302            android:label="@string/app_name"
302-->src/main/AndroidManifest.xml:272:13-45
303            android:screenOrientation="portrait"
303-->src/main/AndroidManifest.xml:273:13-49
304            android:theme="@style/TicketPROTheme" />
304-->src/main/AndroidManifest.xml:274:13-50
305        <activity
305-->src/main/AndroidManifest.xml:275:9-279:69
306            android:name="com.ticketpro.parking.activity.UserSettingsActivity"
306-->src/main/AndroidManifest.xml:276:13-58
307            android:label="@string/app_name"
307-->src/main/AndroidManifest.xml:277:13-45